[debug] [2021-12-01T04:40:01.754Z] ----------------------------------------------------------------------
[debug] [2021-12-01T04:40:01.757Z] Command:       C:\Program Files\nodejs\node.exe C:\Users\TranCongToan\AppData\Roaming\npm\node_modules\firebase-tools\lib\bin\firebase.js hosting:disable -s sigma-firework
[debug] [2021-12-01T04:40:01.758Z] CLI Version:   9.23.0
[debug] [2021-12-01T04:40:01.758Z] Platform:      win32
[debug] [2021-12-01T04:40:01.758Z] Node Version:  v16.13.0
[debug] [2021-12-01T04:40:01.759Z] Time:          Wed Dec 01 2021 11:40:01 GMT+0700 (Indochina Time)
[debug] [2021-12-01T04:40:01.759Z] ----------------------------------------------------------------------
[debug] 
[debug] [2021-12-01T04:40:01.827Z] > command requires scopes: ["email","openid","https://www.googleapis.com/auth/cloudplatformprojects.readonly","https://www.googleapis.com/auth/firebase","https://www.googleapis.com/auth/cloud-platform"]
[debug] [2021-12-01T04:40:01.827Z] > authorizing via signed-in user (thanhnoobs@gmail.com)
[debug] [2021-12-01T04:40:01.828Z] [iam] checking project sigma-firework for permissions ["firebase.projects.get","firebasehosting.sites.update"]
[debug] [2021-12-01T04:40:01.830Z] >>> HTTP REQUEST POST https://cloudresourcemanager.googleapis.com/v1/projects/sigma-firework:testIamPermissions  
 {"permissions":["firebase.projects.get","firebasehosting.sites.update"]}
[debug] [2021-12-01T04:40:02.872Z] <<< HTTP RESPONSE 200 {"content-type":"application/json; charset=UTF-8","vary":"X-Origin, Referer, Origin,Accept-Encoding","date":"Wed, 01 Dec 2021 04:40:02 GMT","server":"ESF","cache-control":"private","x-xss-protection":"0","x-frame-options":"SAMEORIGIN","x-content-type-options":"nosniff","server-timing":"gfet4t7; dur=833","alt-svc":"h3=\":443\"; ma=2592000,h3-29=\":443\"; ma=2592000,h3-Q050=\":443\"; ma=2592000,h3-Q046=\":443\"; ma=2592000,h3-Q043=\":443\"; ma=2592000,quic=\":443\"; ma=2592000; v=\"46,43\"","accept-ranges":"none","transfer-encoding":"chunked"}
[debug] [2021-12-01T04:40:09.616Z] > refreshing access token with scopes: []
[debug] [2021-12-01T04:40:09.617Z] >>> HTTP REQUEST POST https://www.googleapis.com/oauth2/v3/token  
 <request body omitted>
[debug] [2021-12-01T04:40:09.834Z] <<< HTTP RESPONSE 200 {"expires":"Mon, 01 Jan 1990 00:00:00 GMT","date":"Wed, 01 Dec 2021 04:40:09 GMT","pragma":"no-cache","cache-control":"no-cache, no-store, max-age=0, must-revalidate","content-type":"application/json; charset=utf-8","vary":"X-Origin, Referer, Origin,Accept-Encoding","server":"scaffolding on HTTPServer2","x-xss-protection":"0","x-frame-options":"SAMEORIGIN","x-content-type-options":"nosniff","alt-svc":"h3=\":443\"; ma=2592000,h3-29=\":443\"; ma=2592000,h3-Q050=\":443\"; ma=2592000,h3-Q046=\":443\"; ma=2592000,h3-Q043=\":443\"; ma=2592000,quic=\":443\"; ma=2592000; v=\"46,43\"","accept-ranges":"none","transfer-encoding":"chunked"}
[debug] [2021-12-01T04:40:10.195Z] >>> [apiv2][query] POST https://firebasehosting.googleapis.com/v1beta1/sites/sigma-firework/releases [none]
[debug] [2021-12-01T04:40:10.196Z] >>> [apiv2][body] POST https://firebasehosting.googleapis.com/v1beta1/sites/sigma-firework/releases {"type":"SITE_DISABLE"}
[debug] [2021-12-01T04:40:11.439Z] <<< [apiv2][status] POST https://firebasehosting.googleapis.com/v1beta1/sites/sigma-firework/releases 200
[debug] [2021-12-01T04:40:11.439Z] <<< [apiv2][body] POST https://firebasehosting.googleapis.com/v1beta1/sites/sigma-firework/releases {"name":"sites/sigma-firework/releases/1638333610349413","type":"SITE_DISABLE","releaseTime":"2021-12-01T04:40:10.349413460Z","releaseUser":{"email":"thanhnoobs@gmail.com"}}
[info] +  Hosting has been disabled for sigma-firework. Deploy a new version to re-enable. 
